
-------------------------------------------------------------------------------
   ROBOCOPY     ::     Robust File Copy para Windows                              
-------------------------------------------------------------------------------

  Iniciado: sexta-feira, 14 de julho de 2023 13:38:56
   Origem : C:\projetos\SPStudio\Fotos\
     Destino : \\10.75.0.240\home\Fotos\

    Arquivos: *.*
	    
  Op‡äes: *.* /S /E /DCOPY:DA /COPY:DAT /Z /NP /XO /R:3 /W:10 

------------------------------------------------------------------------------

	                   0	C:\projetos\SPStudio\Fotos\
	                   0	C:\projetos\SPStudio\Fotos\Originais\
	*Dir EXTRA        -1	\\10.75.0.240\home\Fotos\Originais\FOTOS - 2023\
	                   0	C:\projetos\SPStudio\Fotos\Originais\FOTOS - 2022\
	                   0	C:\projetos\SPStudio\Fotos\Originais\FOTOS - 2022\05 - MAIO\
	                   0	C:\projetos\SPStudio\Fotos\Originais\FOTOS - 2022\05 - MAIO\ALASKA WHITE\
	                   1	C:\projetos\SPStudio\Fotos\Originais\FOTOS - 2022\05 - MAIO\ALASKA WHITE\ALASKA WHITE05-3cm\
	                   1	C:\projetos\SPStudio\Fotos\Originais\FOTOS - 2022\05 - MAIO\ALASKA WHITE\ALASKA WHITE05-3cm\CROP\
	                   0	C:\projetos\SPStudio\Fotos\Originais\FOTOS - 2022\05 - MAIO\AMARILLO SANTA CECILIA\
	                   1	C:\projetos\SPStudio\Fotos\Originais\FOTOS - 2022\05 - MAIO\AMARILLO SANTA CECILIA\AMARILLO SANTA CECILIA5955F-3cm\
	                   1	C:\projetos\SPStudio\Fotos\Originais\FOTOS - 2022\05 - MAIO\AMARILLO SANTA CECILIA\AMARILLO SANTA CECILIA5955F-3cm\CROP\
	                   0	C:\projetos\SPStudio\Fotos\Originais\FOTOS - 2022\05 - MAIO\Teste nome material\
	                   1	C:\projetos\SPStudio\Fotos\Originais\FOTOS - 2022\05 - MAIO\Teste nome material\Teste nome material E0510 3cm\

------------------------------------------------------------------------------

               Total   Copiada  IgnoradaIncompatibilidade     FALHA    Extras
Diret¢rios:        12         0        12         0         0         1
 Arquivos:         5         0         5         0         0         0
    Bytes:   37.42 m         0   37.42 m         0         0         0
N.§ de Vezes:   0:00:00   0:00:00                       0:00:00   0:00:00
   Finalizado em: sexta-feira, 14 de julho de 2023 13:38:56

